<?xml version="1.0" encoding="UTF-8"?>
<!-- Generated by org.testng.reporters.JUnitReportReporter -->
<testsuite hostname="LAPTOP-ALB1PIQL" failures="0" tests="1" name="runner.FormRunner" time="5.620" errors="0" timestamp="2024-08-11T18:00:37 IST" skipped="0">
  <testcase classname="runner.FormRunner" name="runScenario" time="5.620"/>
</testsuite> <!-- runner.FormRunner -->
